<?xml version="1.0" encoding="UTF-8"?>
<testsuite xmlns:xsi="http://www.w3.org/2001/XMLSchema-instance" xsi:schemaLocation="https://maven.apache.org/surefire/maven-surefire-plugin/xsd/surefire-test-report.xsd" name="com.demo.selenium.automation.bdd_jbehave_automation.AcceptanceTestSuite" time="46.052" tests="27" errors="0" skipped="0" failures="0">
  <properties>
[...]
</properties>
  <testcase name="BeforeStories" classname="java.lang.Object" time="0.019"/>
  <testcase name="Given user navigates to the wikipedia home page" classname="com.demo.selenium.automation.bdd_jbehave_automation.steps.DefinitionSteps" time="19.504"/>
  <testcase name="When user search for a given string in [language]" classname="com.demo.selenium.automation.bdd_jbehave_automation.steps.DefinitionSteps" time="2.124"/>
  <testcase name="And user type in a string [parameter] in the search input field" classname="com.demo.selenium.automation.bdd_jbehave_automation.steps.DefinitionSteps" time="0.694"/>
  <testcase name="And user click the search button" classname="com.demo.selenium.automation.bdd_jbehave_automation.steps.DefinitionSteps" time="3.744"/>
  <testcase name="Then user validate that the first heading of the search results page matches the search string [parameter]" classname="com.demo.selenium.automation.bdd_jbehave_automation.steps.DefinitionSteps" time="0.361"/>
  <testcase name="Then verify that the search results page is available in a language given as parameter [language]" classname="com.demo.selenium.automation.bdd_jbehave_automation.steps.DefinitionSteps" time="0.294"/>
  <testcase name="When navigate to the search results page in any other language [otherLanguage]" classname="com.demo.selenium.automation.bdd_jbehave_automation.steps.DefinitionSteps" time="4.62"/>
  <testcase name="Then validate that the search results page in the new language includes a link to the version in English" classname="com.demo.selenium.automation.bdd_jbehave_automation.steps.DefinitionSteps" time="0.809"/>
  <testcase name="Scenario: Wikipedia test" classname="Scenario: Wikipedia test" time="2.338"/>
  <testcase name="Ten10WebSelenium.story" classname="Ten10WebSelenium.story" time="2.395"/>
  <testcase name="Given an unordered array of integers as [input]" classname="com.demo.selenium.automation.bdd_jbehave_automation.steps.DefinitionSteps" time="0.045"/>
  <testcase name="Given an unordered array of integers as [input]" classname="com.demo.selenium.automation.bdd_jbehave_automation.steps.DefinitionSteps" time="0.016"/>
  <testcase name="Given an unordered array of integers as [input]" classname="com.demo.selenium.automation.bdd_jbehave_automation.steps.DefinitionSteps" time="0.011"/>
  <testcase name="When user program calculates lenght of longest order" classname="com.demo.selenium.automation.bdd_jbehave_automation.steps.DefinitionSteps" time="0.163"/>
  <testcase name="When user program calculates lenght of longest order" classname="com.demo.selenium.automation.bdd_jbehave_automation.steps.DefinitionSteps" time="0.046"/>
  <testcase name="When user program calculates lenght of longest order" classname="com.demo.selenium.automation.bdd_jbehave_automation.steps.DefinitionSteps" time="0.038"/>
  <testcase name="Then user get the length of ordered subsequence which equals to [output]" classname="com.demo.selenium.automation.bdd_jbehave_automation.steps.DefinitionSteps" time="0.013"/>
  <testcase name="Then user get the length of ordered subsequence which equals to [output]" classname="com.demo.selenium.automation.bdd_jbehave_automation.steps.DefinitionSteps" time="0"/>
  <testcase name="Then user get the length of ordered subsequence which equals to [output]" classname="com.demo.selenium.automation.bdd_jbehave_automation.steps.DefinitionSteps" time="0"/>
  <testcase name="Scenario: Validate array" classname="Scenario: Validate array" time="0.005"/>
  <testcase name="ValiadateArray.story" classname="ValiadateArray.story" time="0.042"/>
  <testcase name="Given the user searches for county [county]" classname="com.demo.selenium.automation.bdd_jbehave_automation.steps.DefinitionSteps" time="0.698"/>
  <testcase name="Then user retrieve the UK location and validate the result as per parameter [parameter]" classname="com.demo.selenium.automation.bdd_jbehave_automation.steps.DefinitionSteps" time="0.064"/>
  <testcase name="Scenario: Location Soap Api Test" classname="Scenario: Location Soap Api Test" time="0.105"/>
  <testcase name="LocationSoapApiTest.story" classname="LocationSoapApiTest.story" time="0.106"/>
  <testcase name="AfterStories" classname="java.lang.Object" time="6.402"/>
</testsuite>